<?xml version="1.0" encoding="UTF-8"?>
<testsuite xmlns:xsi="http://www.w3.org/2001/XMLSchema-instance" xsi:noNamespaceSchemaLocation="https://maven.apache.org/surefire/maven-surefire-plugin/xsd/surefire-test-report-3.0.xsd" version="3.0" name="com.homework2.demo.DemoApplicationTests" time="4.651" tests="1" errors="0" skipped="0" failures="0">
  <properties>
[...]
</properties>
  <testcase name="contextLoads" classname="com.homework2.demo.DemoApplicationTests" time="0.402">
    <system-out><![CDATA[01:21:25.687 [main] INFO org.springframework.test.context.support.AnnotationConfigContextLoaderUtils -- Could not detect default configuration classes for test class [com.homework2.demo.DemoApplicationTests]: DemoApplicationTests does not declare any static, non-private, non-final, nested classes annotated with @Configuration.
01:21:25.763 [main] INFO org.springframework.boot.test.context.SpringBootTestContextBootstrapper -- Found @SpringBootConfiguration com.homework2.demo.DemoApplication for test class com.homework2.demo.DemoApplicationTests

  .   ____          _            __ _ _
 /\\ / ___'_ __ _ _(_)_ __  __ _ \ \ \ \
( ( )\___ | '_ | '_| | '_ \/ _` | \ \ \ \
 \\/  ___)| |_)| | | | | || (_| |  ) ) ) )
  '  |____| .__|_| |_|_| |_\__, | / / / /
 =========|_|==============|___/=/_/_/_/
 :: Spring Boot ::                (v3.2.2)

2024-04-21T01:21:26.056-04:00  INFO 6139 --- [           main] c.homework2.demo.DemoApplicationTests    : Starting DemoApplicationTests using Java 21.0.1 with PID 6139 (started by jiahaohe in /Users/jiahaohe/work/guitar-inventory-management)
2024-04-21T01:21:26.057-04:00  INFO 6139 --- [           main] c.homework2.demo.DemoApplicationTests    : The following 1 profile is active: "production"
2024-04-21T01:21:26.608-04:00  INFO 6139 --- [           main] .s.d.r.c.RepositoryConfigurationDelegate : Bootstrapping Spring Data JPA repositories in DEFAULT mode.
2024-04-21T01:21:26.642-04:00  INFO 6139 --- [           main] .s.d.r.c.RepositoryConfigurationDelegate : Finished Spring Data repository scanning in 28 ms. Found 2 JPA repository interfaces.
2024-04-21T01:21:27.021-04:00  INFO 6139 --- [           main] o.hibernate.jpa.internal.util.LogHelper  : HHH000204: Processing PersistenceUnitInfo [name: default]
2024-04-21T01:21:27.084-04:00  INFO 6139 --- [           main] org.hibernate.Version                    : HHH000412: Hibernate ORM core version 6.4.1.Final
2024-04-21T01:21:27.107-04:00  INFO 6139 --- [           main] o.h.c.internal.RegionFactoryInitiator    : HHH000026: Second-level cache disabled
2024-04-21T01:21:27.271-04:00  INFO 6139 --- [           main] o.s.o.j.p.SpringPersistenceUnitInfo      : No LoadTimeWeaver setup: ignoring JPA class transformer
2024-04-21T01:21:27.290-04:00  INFO 6139 --- [           main] com.zaxxer.hikari.HikariDataSource       : HikariPool-1 - Starting...
2024-04-21T01:21:27.919-04:00  INFO 6139 --- [           main] com.zaxxer.hikari.pool.HikariPool        : HikariPool-1 - Added connection org.postgresql.jdbc.PgConnection@642c72cf
2024-04-21T01:21:27.920-04:00  INFO 6139 --- [           main] com.zaxxer.hikari.HikariDataSource       : HikariPool-1 - Start completed.
2024-04-21T01:21:27.965-04:00  WARN 6139 --- [           main] org.hibernate.orm.deprecation            : HHH90000025: PostgreSQLDialect does not need to be specified explicitly using 'hibernate.dialect' (remove the property setting and it will be selected by default)
2024-04-21T01:21:28.534-04:00  INFO 6139 --- [           main] o.h.e.t.j.p.i.JtaPlatformInitiator       : HHH000489: No JTA platform available (set 'hibernate.transaction.jta.platform' to enable JTA platform integration)
2024-04-21T01:21:28.685-04:00  INFO 6139 --- [           main] j.LocalContainerEntityManagerFactoryBean : Initialized JPA EntityManagerFactory for persistence unit 'default'
2024-04-21T01:21:29.336-04:00  WARN 6139 --- [           main] JpaBaseConfiguration$JpaWebConfiguration : spring.jpa.open-in-view is enabled by default. Therefore, database queries may be performed during view rendering. Explicitly configure spring.jpa.open-in-view to disable this warning
2024-04-21T01:21:29.565-04:00  INFO 6139 --- [           main] o.s.s.web.DefaultSecurityFilterChain     : Will secure any request with [org.springframework.security.web.session.DisableEncodeUrlFilter@53cb9b1, org.springframework.security.web.context.request.async.WebAsyncManagerIntegrationFilter@c2191a8, org.springframework.security.web.context.SecurityContextHolderFilter@6fd07a56, org.springframework.security.web.header.HeaderWriterFilter@5605a59b, org.springframework.web.filter.CorsFilter@61e34bec, org.springframework.security.web.authentication.logout.LogoutFilter@2ae07dbd, org.springframework.security.oauth2.server.resource.web.authentication.BearerTokenAuthenticationFilter@3f8a44a4, org.springframework.security.web.savedrequest.RequestCacheAwareFilter@45649467, org.springframework.security.web.servletapi.SecurityContextHolderAwareRequestFilter@e60c466, org.springframework.security.web.authentication.AnonymousAuthenticationFilter@3305897c, org.springframework.security.web.session.SessionManagementFilter@3b38f032, org.springframework.security.web.access.ExceptionTranslationFilter@218fc40d, org.springframework.security.web.access.intercept.AuthorizationFilter@4bd39edc]
2024-04-21T01:21:29.777-04:00  INFO 6139 --- [           main] c.homework2.demo.DemoApplicationTests    : Started DemoApplicationTests in 3.922 seconds (process running for 4.796)
]]></system-out>
    <system-err><![CDATA[WARNING: A Java agent has been loaded dynamically (/Users/jiahaohe/.m2/repository/net/bytebuddy/byte-buddy-agent/1.14.11/byte-buddy-agent-1.14.11.jar)
WARNING: If a serviceability tool is in use, please run with -XX:+EnableDynamicAgentLoading to hide this warning
WARNING: If a serviceability tool is not in use, please run with -Djdk.instrument.traceUsage for more information
WARNING: Dynamic loading of agents will be disallowed by default in a future release
]]></system-err>
  </testcase>
</testsuite>